<?xml version="1.0" encoding="UTF-8"?>
<!-- Generated by org.testng.reporters.JUnitReportReporter -->
<testsuite skipped="0" hostname="DESKTOP-QQ96ONN" name="org.amazon.TestCases.TC001_BuyProduct" tests="1" failures="0" timestamp="2019-12-14T17:30:34 IST" time="22.989" errors="0">
  <testcase name="buyProduct" time="22.989" classname="org.amazon.TestCases.TC001_BuyProduct"/>
</testsuite> <!-- org.amazon.TestCases.TC001_BuyProduct -->
